<?xml version="1.0" encoding="UTF-8"?>
<TestRun id="b9a1e528-0285-4676-a248-5e0865d016f0" name="Ricky@RICKYPC 2012-10-11 10:59:55" runUser="Rickypc\Ricky" xmlns="http://microsoft.com/schemas/VisualStudio/TeamTest/2010">
  <TestSettings name="Default Test Settings" id="a4ae08b3-1ea6-4869-b40a-f1046800a070">
    <Deployment runDeploymentRoot="Ricky_RICKYPC 2012-10-11 10_59_55">
      <DeploymentItem filename="D:\.NET Projects\Account Receivables\ARAthena\bin\ARAthena.dll" />
    </Deployment>
    <Execution>
      <TestTypeSpecific />
      <AgentRule name="Execution Agents">
      </AgentRule>
    </Execution>
  </TestSettings>
  <Times creation="2012-10-11T10:59:55.6365779+08:00" queuing="2012-10-11T10:59:57.3057808+08:00" start="2012-10-11T10:59:57.4773811+08:00" finish="2012-10-11T11:00:15.0642461+08:00" />
  <ResultSummary outcome="Failed">
    <Counters total="2" executed="2" error="0" failed="2" timeout="0" aborted="0" inconclusive="0" passedButRunAborted="0" notRunnable="0" notExecuted="0" disconnected="0" warning="0" passed="0" completed="0" inProgress="0" pending="0" />
  </ResultSummary>
  <TestDefinitions>
    <UnitTest name="About" storage="d:\.net projects\account receivables\arathena.tests\bin\debug\arathena.tests.dll" id="50479630-3174-94aa-5359-3957dac0266b">
      <Execution id="301b345d-55ff-43ef-9a04-2705d39ffe77" />
      <TestMethod codeBase="D:/.NET Projects/Account Receivables/ARAthena.Tests/bin/Debug/ARAthena.Tests.DLL" adapterTypeName="Microsoft.VisualStudio.TestTools.TestTypes.Unit.UnitTestAdapter, Microsoft.VisualStudio.QualityTools.Tips.UnitTest.Adapter, Version=10.0.0.0, Culture=neutral, PublicKeyToken=b03f5f7f11d50a3a" className="ARAthena.Tests.Controllers.HomeControllerTest, ARAthena.Tests, Version=1.0.0.0, Culture=neutral, PublicKeyToken=null" name="About" />
    </UnitTest>
    <UnitTest name="Index" storage="d:\.net projects\account receivables\arathena.tests\bin\debug\arathena.tests.dll" id="984f5038-afa5-72f6-c921-cbc6a6b1fe18">
      <Execution id="bcfed233-f0a2-4bb2-bb5e-99a3b1cc7dcd" />
      <TestMethod codeBase="D:/.NET Projects/Account Receivables/ARAthena.Tests/bin/Debug/ARAthena.Tests.DLL" adapterTypeName="Microsoft.VisualStudio.TestTools.TestTypes.Unit.UnitTestAdapter, Microsoft.VisualStudio.QualityTools.Tips.UnitTest.Adapter, Version=10.0.0.0, Culture=neutral, PublicKeyToken=b03f5f7f11d50a3a" className="ARAthena.Tests.Controllers.HomeControllerTest, ARAthena.Tests, Version=1.0.0.0, Culture=neutral, PublicKeyToken=null" name="Index" />
    </UnitTest>
  </TestDefinitions>
  <TestLists>
    <TestList name="Results Not in a List" id="8c84fa94-04c1-424b-9868-57a2d4851a1d" />
    <TestList name="All Loaded Results" id="19431567-8539-422a-85d7-44ee4e166bda" />
  </TestLists>
  <TestEntries>
    <TestEntry testId="984f5038-afa5-72f6-c921-cbc6a6b1fe18" executionId="bcfed233-f0a2-4bb2-bb5e-99a3b1cc7dcd" testListId="8c84fa94-04c1-424b-9868-57a2d4851a1d" />
    <TestEntry testId="50479630-3174-94aa-5359-3957dac0266b" executionId="301b345d-55ff-43ef-9a04-2705d39ffe77" testListId="8c84fa94-04c1-424b-9868-57a2d4851a1d" />
  </TestEntries>
  <Results>
    <UnitTestResult executionId="bcfed233-f0a2-4bb2-bb5e-99a3b1cc7dcd" testId="984f5038-afa5-72f6-c921-cbc6a6b1fe18" testName="Index" computerName="RICKYPC" duration="00:00:14.7375270" startTime="2012-10-11T10:59:57.5397812+08:00" endTime="2012-10-11T11:00:13.2702429+08:00" testType="13cdc9d9-ddb5-4fa4-a97d-d965ccfc6d4b" outcome="Failed" testListId="8c84fa94-04c1-424b-9868-57a2d4851a1d" relativeResultsDirectory="bcfed233-f0a2-4bb2-bb5e-99a3b1cc7dcd">
      <Output>
        <ErrorInfo>
          <Message>Test method ARAthena.Tests.Controllers.HomeControllerTest.Index threw exception: 
System.NullReferenceException: Object reference not set to an instance of an object.</Message>
          <StackTrace>    at ARAthena.Controllers.HomeController.Index() in D:\.NET Projects\Account Receivables\ARAthena\Controllers\HomeController.cs:line 15
   at ARAthena.Tests.Controllers.HomeControllerTest.Index() in D:\.NET Projects\Account Receivables\ARAthena.Tests\Controllers\HomeControllerTest.cs:line 22
</StackTrace>
        </ErrorInfo>
      </Output>
    </UnitTestResult>
    <UnitTestResult executionId="301b345d-55ff-43ef-9a04-2705d39ffe77" testId="50479630-3174-94aa-5359-3957dac0266b" testName="About" computerName="RICKYPC" duration="00:00:01.6044733" startTime="2012-10-11T11:00:13.3014430+08:00" endTime="2012-10-11T11:00:14.9082458+08:00" testType="13cdc9d9-ddb5-4fa4-a97d-d965ccfc6d4b" outcome="Failed" testListId="8c84fa94-04c1-424b-9868-57a2d4851a1d" relativeResultsDirectory="301b345d-55ff-43ef-9a04-2705d39ffe77">
      <Output>
        <ErrorInfo>
          <Message>Test method ARAthena.Tests.Controllers.HomeControllerTest.About threw exception: 
System.NullReferenceException: Object reference not set to an instance of an object.</Message>
          <StackTrace>    at ARAthena.Controllers.HomeController.About() in D:\.NET Projects\Account Receivables\ARAthena\Controllers\HomeController.cs:line 67
   at ARAthena.Tests.Controllers.HomeControllerTest.About() in D:\.NET Projects\Account Receivables\ARAthena.Tests\Controllers\HomeControllerTest.cs:line 35
</StackTrace>
        </ErrorInfo>
      </Output>
    </UnitTestResult>
  </Results>
</TestRun>